2021-05-13 15:34:38,273 INFO notifyConnectTimeout:200

2021-05-13 15:34:38,277 INFO notifySocketTimeout:8000

2021-05-13 15:34:38,277 INFO isHealthCheck:true

2021-05-13 15:34:38,277 INFO maxHealthCheckFailCount:12

2021-05-13 15:34:38,277 INFO maxContent:10485760

2021-05-13 15:34:38,872 INFO Schema 'NACOS' already exists.

2021-05-13 15:34:38,921 INFO Table/View 'CONFIG_INFO' already exists in Schema 'NACOS'.

2021-05-13 15:34:38,962 INFO Table/View 'HIS_CONFIG_INFO' already exists in Schema 'NACOS'.

2021-05-13 15:34:38,984 INFO Table/View 'CONFIG_INFO_BETA' already exists in Schema 'NACOS'.

2021-05-13 15:34:38,990 INFO Table/View 'CONFIG_INFO_TAG' already exists in Schema 'NACOS'.

2021-05-13 15:34:39,000 INFO Table/View 'CONFIG_INFO_AGGR' already exists in Schema 'NACOS'.

2021-05-13 15:34:39,009 INFO Table/View 'APP_LIST' already exists in Schema 'NACOS'.

2021-05-13 15:34:39,015 INFO Table/View 'APP_CONFIGDATA_RELATION_SUBS' already exists in Schema 'NACOS'.

2021-05-13 15:34:39,020 INFO Table/View 'APP_CONFIGDATA_RELATION_PUBS' already exists in Schema 'NACOS'.

2021-05-13 15:34:39,026 INFO Table/View 'CONFIG_TAGS_RELATION' already exists in Schema 'NACOS'.

2021-05-13 15:34:39,037 INFO Table/View 'GROUP_CAPACITY' already exists in Schema 'NACOS'.

2021-05-13 15:34:39,043 INFO Table/View 'TENANT_CAPACITY' already exists in Schema 'NACOS'.

2021-05-13 15:34:39,049 INFO Table/View 'TENANT_INFO' already exists in Schema 'NACOS'.

2021-05-13 15:34:39,060 INFO Table/View 'USERS' already exists in Schema 'NACOS'.

2021-05-13 15:34:39,064 INFO Table/View 'ROLES' already exists in Schema 'NACOS'.

2021-05-13 15:34:39,070 INFO Table/View 'PERMISSIONS' already exists in Schema 'NACOS'.

2021-05-13 15:34:39,154 INFO The statement was aborted because it would have caused a duplicate key value in a unique or primary key constraint or unique index identified by 'SQL201224144152320' defined on 'USERS'.

2021-05-13 15:34:39,162 INFO The statement was aborted because it would have caused a duplicate key value in a unique or primary key constraint or unique index identified by 'UK_USERNAME_ROLE' defined on 'ROLES'.

2021-05-13 15:34:40,491 INFO ServerListService address-server port:8080

2021-05-13 15:34:40,491 INFO ADDRESS_SERVER_URL:http://jmenv.tbsite.net:8080/nacos/serverlist

2021-05-13 15:34:40,492 WARN [serverlist] updated to [192.168.3.15:8848]

2021-05-13 15:34:40,577 WARN DumpService start

2021-05-13 15:34:40,580 INFO start clear all config-info.

2021-05-13 15:34:40,587 WARN clear all config-info failed.

2021-05-13 15:34:40,587 WARN clear all config-info-tenant failed.

2021-05-13 15:34:40,730 INFO [all-dump] 4 / 4

2021-05-13 15:34:40,730 INFO start clear all config-info-beta.

2021-05-13 15:34:40,730 WARN clear all config-info-beta failed.

2021-05-13 15:34:40,730 WARN clear all config-info-beta-tenant failed.

2021-05-13 15:34:40,744 INFO start clear all config-info-tag.

2021-05-13 15:34:40,744 WARN clear all config-info-tag failed.

2021-05-13 15:34:40,744 WARN clear all config-info-tag-tenant failed.

