2021-05-19 00:01:24,968 INFO PERFORMANCE:|4|4|-1|-1

2021-05-19 00:06:24,983 INFO PERFORMANCE:|4|4|-1|-1

2021-05-19 00:11:29,365 INFO PERFORMANCE:|4|4|-1|-1

2021-05-19 00:16:29,372 INFO PERFORMANCE:|4|4|-1|-1

2021-05-19 00:21:29,384 INFO PERFORMANCE:|4|4|-1|-1

2021-05-19 00:26:29,402 INFO PERFORMANCE:|4|4|-1|-1

2021-05-19 01:00:31,478 INFO PERFORMANCE:|4|4|-1|-1

2021-05-19 01:05:31,487 INFO PERFORMANCE:|4|4|-1|-1

2021-05-19 01:10:31,491 INFO PERFORMANCE:|4|4|-1|-1

2021-05-19 01:15:31,502 INFO PERFORMANCE:|4|4|-1|-1

2021-05-19 01:20:31,512 INFO PERFORMANCE:|4|4|-1|-1

2021-05-19 01:25:31,515 INFO PERFORMANCE:|4|4|-1|-1

2021-05-19 01:30:31,521 INFO PERFORMANCE:|4|4|-1|-1

2021-05-19 01:35:31,523 INFO PERFORMANCE:|4|4|-1|-1

2021-05-19 01:40:31,532 INFO PERFORMANCE:|4|4|-1|-1

2021-05-19 01:45:31,535 INFO PERFORMANCE:|4|4|-1|-1

2021-05-19 01:50:31,545 INFO PERFORMANCE:|4|4|-1|-1

2021-05-19 01:55:31,554 INFO PERFORMANCE:|4|4|-1|-1

2021-05-19 02:00:31,559 INFO PERFORMANCE:|4|4|-1|-1

2021-05-19 02:05:31,565 INFO PERFORMANCE:|4|4|-1|-1

2021-05-19 02:10:31,569 INFO PERFORMANCE:|4|4|-1|-1

2021-05-19 02:15:31,580 INFO PERFORMANCE:|4|4|-1|-1

2021-05-19 02:20:31,584 INFO PERFORMANCE:|4|4|-1|-1

2021-05-19 02:25:31,592 INFO PERFORMANCE:|4|4|-1|-1

2021-05-19 02:30:31,599 INFO PERFORMANCE:|4|4|-1|-1

2021-05-19 02:35:31,609 INFO PERFORMANCE:|4|4|-1|-1

2021-05-19 02:40:31,615 INFO PERFORMANCE:|4|4|-1|-1

2021-05-19 02:45:31,626 INFO PERFORMANCE:|4|4|-1|-1

2021-05-19 02:50:31,631 INFO PERFORMANCE:|4|4|-1|-1

2021-05-19 02:55:31,638 INFO PERFORMANCE:|4|4|-1|-1

2021-05-19 03:00:31,644 INFO PERFORMANCE:|4|4|-1|-1

2021-05-19 03:05:31,652 INFO PERFORMANCE:|4|4|-1|-1

2021-05-19 03:10:31,657 INFO PERFORMANCE:|4|4|-1|-1

2021-05-19 03:15:31,668 INFO PERFORMANCE:|4|4|-1|-1

2021-05-19 03:20:31,676 INFO PERFORMANCE:|4|4|-1|-1

2021-05-19 03:25:31,686 INFO PERFORMANCE:|4|4|-1|-1

2021-05-19 03:30:31,693 INFO PERFORMANCE:|4|4|-1|-1

2021-05-19 03:35:31,695 INFO PERFORMANCE:|4|4|-1|-1

2021-05-19 03:40:31,700 INFO PERFORMANCE:|4|4|-1|-1

2021-05-19 03:45:31,706 INFO PERFORMANCE:|4|4|-1|-1

2021-05-19 03:50:31,716 INFO PERFORMANCE:|4|4|-1|-1

2021-05-19 03:55:31,722 INFO PERFORMANCE:|4|4|-1|-1

2021-05-19 04:00:31,725 INFO PERFORMANCE:|4|4|-1|-1

2021-05-19 04:05:31,731 INFO PERFORMANCE:|4|4|-1|-1

2021-05-19 04:10:31,739 INFO PERFORMANCE:|4|4|-1|-1

2021-05-19 04:15:31,747 INFO PERFORMANCE:|4|4|-1|-1

2021-05-19 04:20:31,753 INFO PERFORMANCE:|4|4|-1|-1

2021-05-19 04:25:31,759 INFO PERFORMANCE:|4|4|-1|-1

2021-05-19 04:30:31,768 INFO PERFORMANCE:|4|4|-1|-1

2021-05-19 04:35:31,770 INFO PERFORMANCE:|4|4|-1|-1

2021-05-19 04:40:31,780 INFO PERFORMANCE:|4|4|-1|-1

2021-05-19 04:45:31,789 INFO PERFORMANCE:|4|4|-1|-1

2021-05-19 04:50:31,794 INFO PERFORMANCE:|4|4|-1|-1

2021-05-19 04:55:31,797 INFO PERFORMANCE:|4|4|-1|-1

2021-05-19 05:00:31,806 INFO PERFORMANCE:|4|4|-1|-1

2021-05-19 05:05:31,817 INFO PERFORMANCE:|4|4|-1|-1

2021-05-19 05:10:31,820 INFO PERFORMANCE:|4|4|-1|-1

2021-05-19 05:15:31,827 INFO PERFORMANCE:|4|4|-1|-1

2021-05-19 05:20:31,829 INFO PERFORMANCE:|4|4|-1|-1

2021-05-19 05:25:31,832 INFO PERFORMANCE:|4|4|-1|-1

2021-05-19 05:30:31,843 INFO PERFORMANCE:|4|4|-1|-1

2021-05-19 05:35:31,850 INFO PERFORMANCE:|4|4|-1|-1

2021-05-19 05:40:31,862 INFO PERFORMANCE:|4|4|-1|-1

2021-05-19 05:45:31,869 INFO PERFORMANCE:|4|4|-1|-1

2021-05-19 05:50:31,876 INFO PERFORMANCE:|4|4|-1|-1

2021-05-19 05:55:31,884 INFO PERFORMANCE:|4|4|-1|-1

2021-05-19 06:00:31,891 INFO PERFORMANCE:|4|4|-1|-1

2021-05-19 06:05:31,894 INFO PERFORMANCE:|4|4|-1|-1

2021-05-19 06:10:31,904 INFO PERFORMANCE:|4|4|-1|-1

2021-05-19 06:15:31,918 INFO PERFORMANCE:|4|4|-1|-1

2021-05-19 06:20:31,923 INFO PERFORMANCE:|4|4|-1|-1

2021-05-19 06:25:31,934 INFO PERFORMANCE:|4|4|-1|-1

2021-05-19 06:30:31,937 INFO PERFORMANCE:|4|4|-1|-1

2021-05-19 06:35:31,940 INFO PERFORMANCE:|4|4|-1|-1

2021-05-19 06:40:31,951 INFO PERFORMANCE:|4|4|-1|-1

2021-05-19 06:45:31,961 INFO PERFORMANCE:|4|4|-1|-1

2021-05-19 06:50:31,973 INFO PERFORMANCE:|4|4|-1|-1

2021-05-19 06:55:31,984 INFO PERFORMANCE:|4|4|-1|-1

2021-05-19 07:00:31,990 INFO PERFORMANCE:|4|4|-1|-1

2021-05-19 07:05:31,995 INFO PERFORMANCE:|4|4|-1|-1

2021-05-19 07:10:32,004 INFO PERFORMANCE:|4|4|-1|-1

2021-05-19 07:15:32,008 INFO PERFORMANCE:|4|4|-1|-1

2021-05-19 07:20:32,016 INFO PERFORMANCE:|4|4|-1|-1

2021-05-19 07:25:32,022 INFO PERFORMANCE:|4|4|-1|-1

2021-05-19 07:30:32,032 INFO PERFORMANCE:|4|4|-1|-1

2021-05-19 07:35:32,036 INFO PERFORMANCE:|4|4|-1|-1

2021-05-19 07:40:32,039 INFO PERFORMANCE:|4|4|-1|-1

2021-05-19 07:45:32,046 INFO PERFORMANCE:|4|4|-1|-1

2021-05-19 07:50:32,053 INFO PERFORMANCE:|4|4|-1|-1

2021-05-19 07:55:32,056 INFO PERFORMANCE:|4|4|-1|-1

2021-05-19 08:00:32,058 INFO PERFORMANCE:|4|4|-1|-1

2021-05-19 08:05:32,063 INFO PERFORMANCE:|4|4|-1|-1

2021-05-19 08:10:32,068 INFO PERFORMANCE:|4|4|-1|-1

2021-05-19 08:15:32,073 INFO PERFORMANCE:|4|4|-1|-1

2021-05-19 08:20:32,080 INFO PERFORMANCE:|4|4|-1|-1

2021-05-19 08:25:32,090 INFO PERFORMANCE:|4|4|-1|-1

2021-05-19 08:30:32,101 INFO PERFORMANCE:|4|4|-1|-1

2021-05-19 08:35:32,107 INFO PERFORMANCE:|4|4|-1|-1

2021-05-19 08:40:32,119 INFO PERFORMANCE:|4|4|-1|-1

2021-05-19 08:45:32,131 INFO PERFORMANCE:|4|4|-1|-1

2021-05-19 08:50:32,140 INFO PERFORMANCE:|4|4|-1|-1

2021-05-19 08:55:32,142 INFO PERFORMANCE:|4|4|-1|-1

2021-05-19 09:00:32,143 INFO PERFORMANCE:|4|4|-1|-1

2021-05-19 09:05:32,145 INFO PERFORMANCE:|4|4|-1|-1

2021-05-19 09:10:32,146 INFO PERFORMANCE:|4|4|-1|-1

2021-05-19 09:15:32,147 INFO PERFORMANCE:|4|4|-1|-1

2021-05-19 09:20:32,153 INFO PERFORMANCE:|4|4|-1|-1

2021-05-19 09:25:32,154 INFO PERFORMANCE:|4|4|-1|-1

2021-05-19 09:30:32,792 INFO PERFORMANCE:|4|4|-1|-1

2021-05-19 09:35:32,800 INFO PERFORMANCE:|4|4|-1|-1

2021-05-19 09:40:32,811 INFO PERFORMANCE:|4|4|-1|-1

2021-05-19 09:45:32,828 INFO PERFORMANCE:|4|4|-1|-1

2021-05-19 09:50:32,836 INFO PERFORMANCE:|4|4|-1|-1

2021-05-19 09:55:32,849 INFO PERFORMANCE:|4|4|-1|-1

2021-05-19 10:00:32,857 INFO PERFORMANCE:|4|4|-1|-1

2021-05-19 10:05:32,864 INFO PERFORMANCE:|4|4|-1|-1

2021-05-19 10:10:32,870 INFO PERFORMANCE:|4|4|-1|-1

2021-05-19 10:15:32,877 INFO PERFORMANCE:|4|4|-1|-1

2021-05-19 10:20:32,881 INFO PERFORMANCE:|4|4|-1|-1

2021-05-19 10:25:32,884 INFO PERFORMANCE:|4|4|-1|-1

2021-05-19 10:30:32,925 INFO PERFORMANCE:|4|4|-1|-1

2021-05-19 10:35:32,933 INFO PERFORMANCE:|4|4|-1|-1

2021-05-19 10:40:32,937 INFO PERFORMANCE:|4|4|-1|-1

2021-05-19 10:45:32,946 INFO PERFORMANCE:|4|4|-1|-1

2021-05-19 10:50:32,968 INFO PERFORMANCE:|4|4|-1|-1

2021-05-19 10:55:32,984 INFO PERFORMANCE:|4|4|-1|-1

2021-05-19 11:00:32,994 INFO PERFORMANCE:|4|4|-1|-1

2021-05-19 11:05:33,003 INFO PERFORMANCE:|4|4|-1|-1

2021-05-19 11:10:33,009 INFO PERFORMANCE:|4|4|-1|-1

2021-05-19 11:15:33,034 INFO PERFORMANCE:|4|4|-1|-1

2021-05-19 11:20:33,042 INFO PERFORMANCE:|4|4|-1|-1

2021-05-19 11:25:33,052 INFO PERFORMANCE:|4|4|-1|-1

2021-05-19 11:30:33,070 INFO PERFORMANCE:|4|4|-1|-1

2021-05-19 11:35:33,084 INFO PERFORMANCE:|4|4|-1|-1

2021-05-19 11:40:33,090 INFO PERFORMANCE:|4|4|-1|-1

2021-05-19 11:45:33,085 INFO PERFORMANCE:|4|4|-1|-1

2021-05-19 11:50:33,096 INFO PERFORMANCE:|4|4|-1|-1

2021-05-19 11:55:33,103 INFO PERFORMANCE:|4|4|-1|-1

2021-05-19 12:00:33,127 INFO PERFORMANCE:|4|4|-1|-1

2021-05-19 12:05:33,139 INFO PERFORMANCE:|4|4|-1|-1

2021-05-19 12:10:33,148 INFO PERFORMANCE:|4|4|-1|-1

2021-05-19 12:15:33,167 INFO PERFORMANCE:|4|4|-1|-1

2021-05-19 12:20:33,178 INFO PERFORMANCE:|4|4|-1|-1

2021-05-19 12:25:33,189 INFO PERFORMANCE:|4|4|-1|-1

2021-05-19 12:30:33,180 INFO PERFORMANCE:|4|4|-1|-1

2021-05-19 12:35:33,192 INFO PERFORMANCE:|4|4|-1|-1

2021-05-19 12:40:33,200 INFO PERFORMANCE:|4|4|-1|-1

2021-05-19 12:45:33,216 INFO PERFORMANCE:|4|4|-1|-1

2021-05-19 12:50:33,224 INFO PERFORMANCE:|4|4|-1|-1

2021-05-19 12:55:33,232 INFO PERFORMANCE:|4|4|-1|-1

2021-05-19 13:00:33,269 INFO PERFORMANCE:|4|4|-1|-1

2021-05-19 13:05:33,276 INFO PERFORMANCE:|4|4|-1|-1

2021-05-19 13:10:33,285 INFO PERFORMANCE:|4|4|-1|-1

2021-05-19 13:49:56,172 INFO PERFORMANCE:|4|4|-1|-1

2021-05-19 13:54:56,174 INFO PERFORMANCE:|4|4|-1|-1

2021-05-19 13:59:56,173 INFO PERFORMANCE:|4|4|-1|-1

2021-05-19 14:04:56,176 INFO PERFORMANCE:|4|4|-1|-1

2021-05-19 14:09:56,181 INFO PERFORMANCE:|4|4|-1|-1

2021-05-19 14:14:56,183 INFO PERFORMANCE:|4|4|-1|-1

2021-05-19 14:19:56,191 INFO PERFORMANCE:|4|4|-1|-1

2021-05-19 14:24:56,192 INFO PERFORMANCE:|4|4|-1|-1

2021-05-19 14:29:56,192 INFO PERFORMANCE:|4|4|-1|-1

2021-05-19 14:34:56,250 INFO PERFORMANCE:|4|4|-1|-1

2021-05-19 14:39:56,251 INFO PERFORMANCE:|4|4|-1|-1

2021-05-19 14:44:56,255 INFO PERFORMANCE:|4|4|-1|-1

2021-05-19 14:49:56,253 INFO PERFORMANCE:|4|4|-1|-1

2021-05-19 14:54:56,255 INFO PERFORMANCE:|4|4|-1|-1

2021-05-19 14:59:56,259 INFO PERFORMANCE:|4|4|-1|-1

2021-05-19 15:04:56,256 INFO PERFORMANCE:|4|4|-1|-1

2021-05-19 15:09:56,260 INFO PERFORMANCE:|4|4|-1|-1

2021-05-19 15:14:56,261 INFO PERFORMANCE:|4|4|-1|-1

2021-05-19 15:19:56,459 INFO PERFORMANCE:|4|4|-1|-1

2021-05-19 15:24:56,471 INFO PERFORMANCE:|4|4|-1|-1

2021-05-19 15:29:56,483 INFO PERFORMANCE:|4|4|-1|-1

2021-05-19 15:34:56,487 INFO PERFORMANCE:|4|4|-1|-1

2021-05-19 15:39:56,497 INFO PERFORMANCE:|4|4|-1|-1

2021-05-19 15:44:56,509 INFO PERFORMANCE:|4|4|-1|-1

2021-05-19 15:49:56,497 INFO PERFORMANCE:|4|4|-1|-1

2021-05-19 15:54:56,505 INFO PERFORMANCE:|4|4|-1|-1

2021-05-19 15:59:56,516 INFO PERFORMANCE:|4|4|-1|-1

2021-05-19 16:04:56,554 INFO PERFORMANCE:|4|4|-1|-1

2021-05-19 16:09:56,574 INFO PERFORMANCE:|4|4|-1|-1

2021-05-19 16:14:56,592 INFO PERFORMANCE:|4|4|-1|-1

2021-05-19 16:19:56,607 INFO PERFORMANCE:|4|4|-1|-1

2021-05-19 16:24:56,618 INFO PERFORMANCE:|4|4|-1|-1

2021-05-19 16:29:56,635 INFO PERFORMANCE:|4|4|-1|-1

2021-05-19 16:34:56,656 INFO PERFORMANCE:|4|4|-1|-1

2021-05-19 16:39:56,670 INFO PERFORMANCE:|4|4|-1|-1

2021-05-19 16:44:56,681 INFO PERFORMANCE:|4|4|-1|-1

2021-05-19 16:49:56,693 INFO PERFORMANCE:|4|4|-1|-1

2021-05-19 16:54:56,707 INFO PERFORMANCE:|4|4|-1|-1

2021-05-19 16:59:56,720 INFO PERFORMANCE:|4|4|-1|-1

2021-05-19 17:04:56,726 INFO PERFORMANCE:|4|4|-1|-1

2021-05-19 17:09:56,735 INFO PERFORMANCE:|4|4|-1|-1

2021-05-19 17:14:56,754 INFO PERFORMANCE:|4|4|-1|-1

2021-05-19 17:19:56,767 INFO PERFORMANCE:|4|4|-1|-1

2021-05-19 17:24:56,776 INFO PERFORMANCE:|4|4|-1|-1

2021-05-19 17:29:56,788 INFO PERFORMANCE:|4|4|-1|-1

2021-05-19 17:34:56,837 INFO PERFORMANCE:|4|4|-1|-1

2021-05-19 17:39:56,871 INFO PERFORMANCE:|4|4|-1|-1

2021-05-19 17:44:56,882 INFO PERFORMANCE:|4|4|-1|-1

2021-05-19 17:49:56,902 INFO PERFORMANCE:|4|4|-1|-1

2021-05-19 17:54:56,922 INFO PERFORMANCE:|4|4|-1|-1

2021-05-19 17:59:56,938 INFO PERFORMANCE:|4|4|-1|-1

2021-05-19 18:04:56,960 INFO PERFORMANCE:|4|4|-1|-1

2021-05-19 18:09:56,977 INFO PERFORMANCE:|4|4|-1|-1

2021-05-19 18:14:56,994 INFO PERFORMANCE:|4|4|-1|-1

2021-05-19 18:19:57,013 INFO PERFORMANCE:|4|4|-1|-1

2021-05-19 18:24:57,033 INFO PERFORMANCE:|4|4|-1|-1

2021-05-19 19:25:48,368 INFO PERFORMANCE:|4|4|-1|-1

2021-05-19 19:30:48,372 INFO PERFORMANCE:|4|4|-1|-1

2021-05-19 19:35:48,377 INFO PERFORMANCE:|4|4|-1|-1

2021-05-19 19:40:48,388 INFO PERFORMANCE:|4|4|-1|-1

2021-05-19 19:45:48,396 INFO PERFORMANCE:|4|4|-1|-1

2021-05-19 19:50:48,398 INFO PERFORMANCE:|4|4|-1|-1

2021-05-19 19:55:48,555 INFO PERFORMANCE:|4|4|-1|-1

2021-05-19 20:00:48,574 INFO PERFORMANCE:|4|4|-1|-1

2021-05-19 20:05:48,589 INFO PERFORMANCE:|4|4|-1|-1

2021-05-19 20:10:48,598 INFO PERFORMANCE:|4|4|-1|-1

2021-05-19 20:15:48,663 INFO PERFORMANCE:|4|4|-1|-1

2021-05-19 20:20:48,678 INFO PERFORMANCE:|4|4|-1|-1

2021-05-19 20:25:48,710 INFO PERFORMANCE:|4|4|-1|-1

2021-05-19 20:30:48,728 INFO PERFORMANCE:|4|4|-1|-1

2021-05-19 20:35:48,747 INFO PERFORMANCE:|4|4|-1|-1

2021-05-19 20:40:48,758 INFO PERFORMANCE:|4|4|-1|-1

2021-05-19 20:45:48,772 INFO PERFORMANCE:|4|4|-1|-1

2021-05-19 20:50:48,786 INFO PERFORMANCE:|4|4|-1|-1

2021-05-19 20:55:48,803 INFO PERFORMANCE:|4|4|-1|-1

2021-05-19 21:00:48,817 INFO PERFORMANCE:|4|4|-1|-1

2021-05-19 21:05:48,827 INFO PERFORMANCE:|4|4|-1|-1

2021-05-19 21:10:48,843 INFO PERFORMANCE:|4|4|-1|-1

2021-05-19 21:15:48,851 INFO PERFORMANCE:|4|4|-1|-1

2021-05-19 21:20:48,865 INFO PERFORMANCE:|4|4|-1|-1

2021-05-19 21:25:48,879 INFO PERFORMANCE:|4|4|-1|-1

2021-05-19 21:30:48,888 INFO PERFORMANCE:|4|4|-1|-1

